<?xml version="1.0" encoding="utf-8"?><testsuites name="pytest tests"><testsuite name="pytest" errors="0" failures="0" skipped="0" tests="14" time="16.229" timestamp="2026-03-18T20:28:24.827225+00:00" hostname="agent-env-cb4810c1-40f0-4821-8b52-f2df37fa6f86"><testcase classname="backend.tests.test_supabase_integration.TestCustomerCRUD" name="test_get_customers_list" time="1.382" /><testcase classname="backend.tests.test_supabase_integration.TestCustomerCRUD" name="test_create_and_delete_customer" time="1.135" /><testcase classname="backend.tests.test_supabase_integration.TestTripsWithLRFromSupabase" name="test_get_trips_list" time="0.334" /><testcase classname="backend.tests.test_supabase_integration.TestTripsWithLRFromSupabase" name="test_get_trip_detail" time="0.671" /><testcase classname="backend.tests.test_supabase_integration.TestTripCreationWithAutoLR" name="test_create_trip_generates_lr" time="2.688" /><testcase classname="backend.tests.test_supabase_integration.TestLRWorkflowStepUpdate" name="test_update_workflow_step" time="1.783" /><testcase classname="backend.tests.test_supabase_integration.TestLRFieldsUpdate" name="test_update_consignment_fields" time="1.837" /><testcase classname="backend.tests.test_supabase_integration.TestDocumentsFromSupabase" name="test_get_documents_list" time="0.384" /><testcase classname="backend.tests.test_supabase_integration.TestDocumentsFromSupabase" name="test_get_trip_documents" time="0.704" /><testcase classname="backend.tests.test_supabase_integration.TestDashboardStats" name="test_get_dashboard" time="3.250" /><testcase classname="backend.tests.test_supabase_integration.TestTransportersCRUD" name="test_get_transporters" time="0.315" /><testcase classname="backend.tests.test_supabase_integration.TestTrucksCRUD" name="test_get_trucks" time="0.338" /><testcase classname="backend.tests.test_supabase_integration.TestOrdersCRUD" name="test_get_orders" time="0.961" /><testcase classname="backend.tests.test_supabase_integration.TestDriversCRUD" name="test_get_drivers" time="0.352" /></testsuite></testsuites>