<?xml version="1.0" encoding="utf-8"?><testsuites name="pytest tests"><testsuite name="pytest" errors="0" failures="0" skipped="0" tests="20" time="4.618" timestamp="2026-03-18T19:53:13.188630+00:00" hostname="agent-env-cb4810c1-40f0-4821-8b52-f2df37fa6f86"><testcase classname="backend.tests.test_lr_workflow.TestTripsListWithLR" name="test_get_trips_list" time="0.304" /><testcase classname="backend.tests.test_lr_workflow.TestTripsListWithLR" name="test_seeded_trip_has_correct_lr_number" time="0.120" /><testcase classname="backend.tests.test_lr_workflow.TestTripDetailWithLRSections" name="test_get_trip_detail" time="0.116" /><testcase classname="backend.tests.test_lr_workflow.TestTripDetailWithLRSections" name="test_trip_detail_values" time="0.155" /><testcase classname="backend.tests.test_lr_workflow.TestTripAdvancesTab" name="test_billing_entity_fields" time="0.139" /><testcase classname="backend.tests.test_lr_workflow.TestTripAdvancesTab" name="test_vendor_bill_fields" time="0.110" /><testcase classname="backend.tests.test_lr_workflow.TestOutstandingCalculation" name="test_outstanding_formula" time="0.178" /><testcase classname="backend.tests.test_lr_workflow.TestOutstandingCalculation" name="test_update_outstanding_recalculation" time="0.245" /><testcase classname="backend.tests.test_lr_workflow.TestLRWorkflowStepUpdate" name="test_update_workflow_step" time="0.411" /><testcase classname="backend.tests.test_lr_workflow.TestLRWorkflowStepUpdate" name="test_all_workflow_steps" time="0.751" /><testcase classname="backend.tests.test_lr_workflow.TestCreateTripWithAutoLR" name="test_create_trip_generates_lr_number" time="0.244" /><testcase classname="backend.tests.test_lr_workflow.TestEditLRFields" name="test_edit_consignment_fields" time="0.378" /><testcase classname="backend.tests.test_lr_workflow.TestEditLRFields" name="test_edit_invoice_fields" time="0.225" /><testcase classname="backend.tests.test_lr_workflow.TestEditLRFields" name="test_edit_basic_details" time="0.252" /><testcase classname="backend.tests.test_lr_workflow.TestDocumentsForTrip" name="test_get_trip_documents" time="0.343" /><testcase classname="backend.tests.test_lr_workflow.TestDocumentsForTrip" name="test_get_all_trip_documents" time="0.110" /><testcase classname="backend.tests.test_lr_workflow.TestSupportingEndpoints" name="test_get_transporter" time="0.112" /><testcase classname="backend.tests.test_lr_workflow.TestSupportingEndpoints" name="test_get_truck" time="0.111" /><testcase classname="backend.tests.test_lr_workflow.TestSupportingEndpoints" name="test_get_driver" time="0.119" /><testcase classname="backend.tests.test_lr_workflow.TestSupportingEndpoints" name="test_get_order" time="0.108" /></testsuite></testsuites>